<?xml version="1.0" encoding="UTF-8"?>
<testsuite xmlns:xsi="http://www.w3.org/2001/XMLSchema-instance" xsi:noNamespaceSchemaLocation="https://maven.apache.org/surefire/maven-surefire-plugin/xsd/surefire-test-report.xsd" name="com.logmein.testing.SeleniumTests" time="149.576" tests="12" errors="0" skipped="0" failures="0">
  <properties>
[...]
</properties>
  <testcase name="searchForTextUseId" classname="com.logmein.testing.SeleniumTests" time="11.407"/>
  <testcase name="signInUseXPath" classname="com.logmein.testing.SeleniumTests" time="12.553"/>
  <testcase name="searchForTextUseClassName" classname="com.logmein.testing.SeleniumTests" time="8.995"/>
  <testcase name="signInUsePartialLinkText" classname="com.logmein.testing.SeleniumTests" time="10.246"/>
  <testcase name="searchForTextUseName" classname="com.logmein.testing.SeleniumTests" time="9.966"/>
  <testcase name="openNewTabsWindows" classname="com.logmein.testing.SeleniumTests" time="9.83"/>
  <testcase name="signInUseLinkText" classname="com.logmein.testing.SeleniumTests" time="12.827"/>
  <testcase name="contactUsSendEmptyMessage" classname="com.logmein.testing.SeleniumTests" time="21.421"/>
  <testcase name="signUpForNewsUseTagName" classname="com.logmein.testing.SeleniumTests" time="15.205"/>
  <testcase name="searchForTextUseTagnameClassnameAttribute" classname="com.logmein.testing.SeleniumTests" time="13.319"/>
  <testcase name="switchBetweenTabs" classname="com.logmein.testing.SeleniumTests" time="12.791"/>
  <testcase name="searchForTextUseTagnameId" classname="com.logmein.testing.SeleniumTests" time="11.012"/>
</testsuite>